PLINK v1.90b6.17 64-bit (28 Apr 2020)
Options in effect:
  --bfile output/filter5
  --make-bed
  --out output/filter6
  --remove output/filter5unrelated_toberemoved.txt

Hostname: 7920-Tower
Working directory: /home/claire/Teaching/4Plasma/TP_GWAS
Start time: Wed Jun 10 18:38:11 2020

Random number seed: 1591807091
128575 MB RAM detected; reserving 64287 MB for main workspace.
112085 variants loaded from .bim file.
588 people (301 males, 287 females) loaded from .fam.
588 phenotype values loaded from .fam.
--remove: 577 people remaining.
Using 1 thread (no multithreaded calculations invoked).
Before main variant filters, 358 founders and 219 nonfounders present.
Calculating allele frequencies... done.
Total genotyping rate in remaining samples is 0.998756.
112085 variants and 577 people pass filters and QC.
Among remaining phenotypes, 220 are cases and 357 are controls.
--make-bed to output/filter6.bed + output/filter6.bim + output/filter6.fam ...
done.

End time: Wed Jun 10 18:38:11 2020
