PLINK v1.90b6.17 64-bit (28 Apr 2020)
Options in effect:
  --bfile output/t1dcc
  --geno 0.05
  --make-bed
  --out output/filter1

Hostname: 7920-Tower
Working directory: /home/claire/Teaching/4Plasma/TP_GWAS
Start time: Wed Jun 10 18:35:54 2020

Random number seed: 1591806954
128575 MB RAM detected; reserving 64287 MB for main workspace.
192673 variants loaded from .bim file.
598 people (309 males, 289 females) loaded from .fam.
598 phenotype values loaded from .fam.
Using 1 thread (no multithreaded calculations invoked).
Before main variant filters, 360 founders and 238 nonfounders present.
Calculating allele frequencies... done.
Total genotyping rate is 0.748747.
78405 variants removed due to missing genotype data (--geno).
114268 variants and 598 people pass filters and QC.
Among remaining phenotypes, 241 are cases and 357 are controls.
--make-bed to output/filter1.bed + output/filter1.bim + output/filter1.fam ...
done.

End time: Wed Jun 10 18:35:54 2020
