PLINK v1.90b6.17 64-bit (28 Apr 2020)
Options in effect:
  --adjust
  --bfile output/filter6
  --ci 0.95
  --covar output/stratifwithoutldpc.txt
  --covar-number 7-11
  --logistic hide-covar
  --out output/logistic_mds_PC5

Hostname: 7920-Tower
Working directory: /home/claire/Teaching/4Plasma/TP_GWAS
Start time: Wed Jun 10 18:49:53 2020

Random number seed: 1591807793
128575 MB RAM detected; reserving 64287 MB for main workspace.
112085 variants loaded from .bim file.
577 people (296 males, 281 females) loaded from .fam.
577 phenotype values loaded from .fam.
Using 1 thread (no multithreaded calculations invoked).
--covar: 5 out of 14 covariates loaded.
Before main variant filters, 358 founders and 219 nonfounders present.
Calculating allele frequencies... done.
Total genotyping rate is 0.998756.
112085 variants and 577 people pass filters and QC.
Among remaining phenotypes, 220 are cases and 357 are controls.
Writing logistic model association results to
output/logistic_mds_PC5.assoc.logistic ... done.
--adjust: Genomic inflation est. lambda (based on median chisq) = 3.82.
--adjust values (111883 variants) written to
output/logistic_mds_PC5.assoc.logistic.adjusted .

End time: Wed Jun 10 18:49:59 2020
