PLINK v1.90b6.17 64-bit (28 Apr 2020)
Options in effect:
  --bfile output/filter1
  --out output/missingcc
  --pfilter 0.00001
  --test-missing

Hostname: 7920-Tower
Working directory: /home/claire/Teaching/4Plasma/TP_GWAS
Start time: Wed Jun 10 18:36:03 2020

Random number seed: 1591806963
128575 MB RAM detected; reserving 64287 MB for main workspace.
114268 variants loaded from .bim file.
598 people (309 males, 289 females) loaded from .fam.
598 phenotype values loaded from .fam.
Using 1 thread (no multithreaded calculations invoked).
Before main variant filters, 360 founders and 238 nonfounders present.
Calculating allele frequencies... done.
Total genotyping rate is 0.996026.
114268 variants and 598 people pass filters and QC.
Among remaining phenotypes, 241 are cases and 357 are controls.
Writing --test-missing report to output/missingcc.missing ... done.

End time: Wed Jun 10 18:36:03 2020
