PLINK v1.90b6.17 64-bit (28 Apr 2020)
Options in effect:
  --bfile output/filter6
  --exclude input/mhc_range.txt
  --make-bed
  --out output/withoutmhc
  --range

Hostname: 7920-Tower
Working directory: /home/claire/Teaching/4Plasma/TP_GWAS
Start time: Wed Jun 10 18:46:32 2020

Note: --range flag deprecated.  Use e.g. "--extract range <filename>".
Random number seed: 1591807592
128575 MB RAM detected; reserving 64287 MB for main workspace.
112085 variants loaded from .bim file.
577 people (296 males, 281 females) loaded from .fam.
577 phenotype values loaded from .fam.
--exclude range: 7084 variants excluded.
--exclude range: 105001 variants remaining.
Using 1 thread (no multithreaded calculations invoked).
Before main variant filters, 358 founders and 219 nonfounders present.
Calculating allele frequencies... done.
Total genotyping rate is 0.998781.
105001 variants and 577 people pass filters and QC.
Among remaining phenotypes, 220 are cases and 357 are controls.
--make-bed to output/withoutmhc.bed + output/withoutmhc.bim +
output/withoutmhc.fam ... done.

End time: Wed Jun 10 18:46:32 2020
